-------------------------------------------------------------------------------
Test set: com.baeldung.live.AuthorizationLiveTest
-------------------------------------------------------------------------------
Tests run: 1, Failures: 1, Errors: 0, Skipped: 0, Time elapsed: 0.733 sec <<< FAILURE! - in com.baeldung.live.AuthorizationLiveTest
givenUser_whenGetToken_thenOk(com.baeldung.live.AuthorizationLiveTest)  Time elapsed: 0.732 sec  <<< FAILURE!
java.lang.AssertionError: expected:<200> but was:<401>
	at com.baeldung.live.AuthorizationLiveTest.givenUser_whenGetToken_thenOk(AuthorizationLiveTest.java:30)

