<?xml version="1.0" encoding="UTF-8"?>
<testsuite xmlns:xsi="http://www.w3.org/2001/XMLSchema-instance" xsi:schemaLocation="https://maven.apache.org/surefire/maven-surefire-plugin/xsd/surefire-test-report.xsd" name="com.baeldung.live.AuthorizationLiveTest" time="0.733" tests="1" errors="0" skipped="0" failures="1">
  <properties>
[...]
</properties>
  <testcase name="givenUser_whenGetToken_thenOk" classname="com.baeldung.live.AuthorizationLiveTest" time="0.732">
    <failure message="expected:&lt;200&gt; but was:&lt;401&gt;" type="java.lang.AssertionError"><![CDATA[java.lang.AssertionError: expected:<200> but was:<401>
	at com.baeldung.live.AuthorizationLiveTest.givenUser_whenGetToken_thenOk(AuthorizationLiveTest.java:30)
]]></failure>
  </testcase>
</testsuite>